<?xml version="1.0" encoding="UTF-8"?>
<testng-results ignored="0" total="1" passed="1" failed="0" skipped="0">
  <reporter-output>
  </reporter-output>
  <suite started-at="2024-08-26T13:57:41Z" name="inetBanking" finished-at="2024-08-26T13:59:17Z" duration-ms="96186">
    <groups>
    </groups>
    <test started-at="2024-08-26T13:57:41Z" name="BankingApp Test" finished-at="2024-08-26T13:59:17Z" duration-ms="96186">
      <class name="com.inetBanking.testCases.TC_AddNewAccount_005">
        <test-method is-config="true" signature="setup(java.lang.String)[pri:0, instance:com.inetBanking.testCases.TC_AddNewAccount_005@5a2d131d]" started-at="2024-08-26T13:57:41Z" name="setup" finished-at="2024-08-26T13:58:19Z" duration-ms="38101" status="PASS">
          <params>
            <param index="0">
              <value>
                <![CDATA[Chrome]]>
              </value>
            </param>
          </params>
          <reporter-output>
          </reporter-output>
        </test-method> <!-- setup -->
        <test-method signature="AddNewAccount()[pri:0, instance:com.inetBanking.testCases.TC_AddNewAccount_005@5a2d131d]" started-at="2024-08-26T13:58:19Z" name="AddNewAccount" finished-at="2024-08-26T13:59:08Z" duration-ms="49406" status="PASS">
          <reporter-output>
          </reporter-output>
        </test-method> <!-- AddNewAccount -->
        <test-method is-config="true" signature="tearDown()[pri:0, instance:com.inetBanking.testCases.TC_AddNewAccount_005@5a2d131d]" started-at="2024-08-26T13:59:09Z" name="tearDown" finished-at="2024-08-26T13:59:17Z" duration-ms="7434" status="PASS">
          <reporter-output>
          </reporter-output>
        </test-method> <!-- tearDown -->
      </class> <!-- com.inetBanking.testCases.TC_AddNewAccount_005 -->
    </test> <!-- BankingApp Test -->
  </suite> <!-- inetBanking -->
</testng-results>
